1534816000348	geckodriver	INFO	Listening on 127.0.0.1:59493
1534816002354	mozprofile::profile	INFO	Using profile path C:\Users\ADMINI~1.DOU\AppData\Local\Temp\rust_mozprofile.MEogR186ilc9
1534816002357	geckodriver::marionette	INFO	Starting browser C:\Program Files\Mozilla Firefox\firefox.exe
1534816002433	geckodriver::marionette	INFO	Connecting to Marionette on localhost:59501
[GFX1]: Potential driver version mismatch ignored due to missing DLLs
1534816010356 Marionette: Element is missing an accesible name -> id: kw, tagName: INPUT, className: s_ipt
1534816083655	geckodriver	INFO	Listening on 127.0.0.1:59551
1534816085674	mozprofile::profile	INFO	Using profile path C:\Users\ADMINI~1.DOU\AppData\Local\Temp\rust_mozprofile.Fn2Uyjfnthwe
1534816085688	geckodriver::marionette	INFO	Starting browser C:\Program Files\Mozilla Firefox\firefox.exe
1534816085735	geckodriver::marionette	INFO	Connecting to Marionette on localhost:59557
[GFX1]: Potential driver version mismatch ignored due to missing DLLs
JavaScript error: https://ss1.bdstatic.com/5eN1bjq8AAUYm2zgoY3K/r/www/cache/static/protocol/https/plugins/every_cookie_4644b13.js, line 4: ReferenceError: c is not defined
1534816091019 Marionette: Element is missing an accesible name -> id: kw, tagName: INPUT, className: s_ipt
JavaScript error: https://sp0.baidu.com/5a1Fazu8AA54nxGko9WTAnF6hhy/su?wd=s&json=1&p=3&sid=1451_21122_26350_26925_20930&req=2&csor=1&cb=jQuery1102045868777623018175_1534816090255&_=1534816090257, line 1: TypeError: jQuery1102045868777623018175_1534816090255 is not a function
JavaScript error: https://sp0.baidu.com/5a1Fazu8AA54nxGko9WTAnF6hhy/su?wd=sou&json=1&p=3&sid=1451_21122_26350_26925_20930&req=2&csor=3&pwd=so&cb=jQuery1102045868777623018175_1534816090255&_=1534816090259, line 1: TypeError: jQuery1102045868777623018175_1534816090255 is not a function
JavaScript error: https://sp0.baidu.com/5a1Fazu8AA54nxGko9WTAnF6hhy/su?wd=soul&json=1&p=3&sid=1451_21122_26350_26925_20930&req=2&csor=4&pwd=sou&cb=jQuery1102045868777623018175_1534816090255&_=1534816090260, line 1: TypeError: jQuery1102045868777623018175_1534816090255 is not a function
JavaScript error: https://sp0.baidu.com/5a1Fazu8AA54nxGko9WTAnF6hhy/su?wd=so&json=1&p=3&sid=1451_21122_26350_26925_20930&req=2&csor=2&pwd=s&cb=jQuery1102045868777623018175_1534816090255&_=1534816090258, line 1: TypeError: jQuery1102045868777623018175_1534816090255 is not a function
1534816494180	geckodriver	INFO	Listening on 127.0.0.1:59666
1534816496199	mozprofile::profile	INFO	Using profile path C:\Users\ADMINI~1.DOU\AppData\Local\Temp\rust_mozprofile.Ioo1SteI7Vgw
1534816496202	geckodriver::marionette	INFO	Starting browser C:\Program Files\Mozilla Firefox\firefox.exe
1534816496250	geckodriver::marionette	INFO	Connecting to Marionette on localhost:59672
[GFX1]: Potential driver version mismatch ignored due to missing DLLs
JavaScript error: https://ss1.bdstatic.com/5eN1bjq8AAUYm2zgoY3K/r/www/cache/static/protocol/https/plugins/every_cookie_4644b13.js, line 4: ReferenceError: c is not defined
1534816502559 Marionette: Element is missing an accesible name -> id: kw, tagName: INPUT, className: s_ipt
JavaScript error: https://sp0.baidu.com/5a1Fazu8AA54nxGko9WTAnF6hhy/su?wd=s&json=1&p=3&sid=1422_26911_21102_22160&req=2&csor=1&cb=jQuery110207451224643931481_1534816501701&_=1534816501703, line 1: TypeError: jQuery110207451224643931481_1534816501701 is not a function
JavaScript error: https://sp0.baidu.com/5a1Fazu8AA54nxGko9WTAnF6hhy/su?wd=so&json=1&p=3&sid=1422_26911_21102_22160&req=2&csor=2&pwd=s&cb=jQuery110207451224643931481_1534816501701&_=1534816501704, line 1: TypeError: jQuery110207451224643931481_1534816501701 is not a function
JavaScript error: https://sp0.baidu.com/5a1Fazu8AA54nxGko9WTAnF6hhy/su?wd=sou&json=1&p=3&sid=1422_26911_21102_22160&req=2&csor=3&pwd=so&cb=jQuery110207451224643931481_1534816501701&_=1534816501705, line 1: TypeError: jQuery110207451224643931481_1534816501701 is not a function
JavaScript error: https://sp0.baidu.com/5a1Fazu8AA54nxGko9WTAnF6hhy/su?wd=soul&json=1&p=3&sid=1422_26911_21102_22160&req=2&csor=4&pwd=sou&cb=jQuery110207451224643931481_1534816501701&_=1534816501706, line 1: TypeError: jQuery110207451224643931481_1534816501701 is not a function
1535090085358	geckodriver	INFO	Listening on 127.0.0.1:65477
1535090087344	mozprofile::profile	INFO	Using profile path C:\Users\ADMINI~1.DOU\AppData\Local\Temp\rust_mozprofile.cgpDMDzisE7N
1535090087347	geckodriver::marionette	INFO	Starting browser C:\Program Files\Mozilla Firefox\firefox.exe
1535090087442	geckodriver::marionette	INFO	Connecting to Marionette on localhost:49160
[GFX1]: Potential driver version mismatch ignored due to missing DLLs
JavaScript error: https://ss1.bdstatic.com/5eN1bjq8AAUYm2zgoY3K/r/www/cache/static/protocol/https/plugins/every_cookie_4644b13.js, line 4: ReferenceError: c is not defined
JavaScript error: https://g.alicdn.com/kg/workbox/3.3.0/workbox-routing.prod.js, line 1: SyntaxError: invalid for/in left-hand side
JavaScript error: , line 0: NS_ERROR_UNEXPECTED: 
JavaScript error: , line 0: NS_ERROR_UNEXPECTED: 
1535090302066	geckodriver	INFO	Listening on 127.0.0.1:56276
1535090304085	mozprofile::profile	INFO	Using profile path C:\Users\ADMINI~1.DOU\AppData\Local\Temp\rust_mozprofile.yBE8g7R2dXMI
1535090304088	geckodriver::marionette	INFO	Starting browser C:\Program Files\Mozilla Firefox\firefox.exe
1535090304135	geckodriver::marionette	INFO	Connecting to Marionette on localhost:56342
[GFX1]: Potential driver version mismatch ignored due to missing DLLs
JavaScript error: https://g.alicdn.com/kg/workbox/3.3.0/workbox-routing.prod.js, line 1: SyntaxError: invalid for/in left-hand side
JavaScript error: https://g.alicdn.com/kg/workbox/3.3.0/workbox-routing.prod.js, line 1: SyntaxError: invalid for/in left-hand side

###!!! [Parent][OnMaybeDequeueOne] Error: Channel closing: too late to send/recv, messages will be lost

JavaScript error: , line 0: NS_ERROR_UNEXPECTED: 
1535091508631	geckodriver	INFO	Listening on 127.0.0.1:51872
1535091510620	mozprofile::profile	INFO	Using profile path C:\Users\ADMINI~1.DOU\AppData\Local\Temp\rust_mozprofile.P7hzA2nX4jby
1535091510623	geckodriver::marionette	INFO	Starting browser C:\Program Files\Mozilla Firefox\firefox.exe
1535091510671	geckodriver::marionette	INFO	Connecting to Marionette on localhost:51978
[GFX1]: Potential driver version mismatch ignored due to missing DLLs
JavaScript error: https://ss1.bdstatic.com/5eN1bjq8AAUYm2zgoY3K/r/www/cache/static/protocol/https/plugins/every_cookie_4644b13.js, line 4: ReferenceError: c is not defined
JavaScript error: https://g.alicdn.com/kg/workbox/3.3.0/workbox-routing.prod.js, line 1: SyntaxError: invalid for/in left-hand side
JavaScript error: , line 0: NS_ERROR_UNEXPECTED: 
1535953410308	geckodriver	INFO	Listening on 127.0.0.1:65283
1535953412320	mozprofile::profile	INFO	Using profile path C:\Users\ADMINI~1.DOU\AppData\Local\Temp\rust_mozprofile.oEuTJlNZ4TVT
1535953412322	geckodriver::marionette	INFO	Starting browser C:\Program Files\Mozilla Firefox\firefox.exe
1535953412405	geckodriver::marionette	INFO	Connecting to Marionette on localhost:65470
[GFX1]: Potential driver version mismatch ignored due to missing DLLs
JavaScript error: https://ss1.bdstatic.com/5eN1bjq8AAUYm2zgoY3K/r/www/cache/static/protocol/https/plugins/every_cookie_4644b13.js, line 4: ReferenceError: c is not defined
1535953420079 Marionette: Element is missing an accesible name -> id: kw, tagName: INPUT, className: s_ipt
JavaScript error: https://sp0.baidu.com/5a1Fazu8AA54nxGko9WTAnF6hhy/su?wd=s&json=1&p=3&sid=1467_21080_26350_20719&req=2&csor=1&cb=jQuery1102010609607203686555_1535953419487&_=1535953419489, line 1: TypeError: jQuery1102010609607203686555_1535953419487 is not a function
JavaScript error: https://sp0.baidu.com/5a1Fazu8AA54nxGko9WTAnF6hhy/su?wd=sou&json=1&p=3&sid=1467_21080_26350_20719&req=2&csor=3&pwd=so&cb=jQuery1102010609607203686555_1535953419487&_=1535953419491, line 1: TypeError: jQuery1102010609607203686555_1535953419487 is not a function
JavaScript error: https://sp0.baidu.com/5a1Fazu8AA54nxGko9WTAnF6hhy/su?wd=soul&json=1&p=3&sid=1467_21080_26350_20719&req=2&csor=4&pwd=sou&cb=jQuery1102010609607203686555_1535953419487&_=1535953419492, line 1: TypeError: jQuery1102010609607203686555_1535953419487 is not a function
JavaScript error: https://sp0.baidu.com/5a1Fazu8AA54nxGko9WTAnF6hhy/su?wd=so&json=1&p=3&sid=1467_21080_26350_20719&req=2&csor=2&pwd=s&cb=jQuery1102010609607203686555_1535953419487&_=1535953419490, line 1: TypeError: jQuery1102010609607203686555_1535953419487 is not a function
1535953740366	geckodriver	INFO	Listening on 127.0.0.1:58005
1535953742385	mozprofile::profile	INFO	Using profile path C:\Users\ADMINI~1.DOU\AppData\Local\Temp\rust_mozprofile.9yrx3oJlE2Da
1535953742387	geckodriver::marionette	INFO	Starting browser C:\Program Files\Mozilla Firefox\firefox.exe
1535953742435	geckodriver::marionette	INFO	Connecting to Marionette on localhost:58074
[GFX1]: Potential driver version mismatch ignored due to missing DLLs
JavaScript error: https://ss1.bdstatic.com/5eN1bjq8AAUYm2zgoY3K/r/www/cache/static/protocol/https/plugins/every_cookie_4644b13.js, line 4: ReferenceError: c is not defined
1535953747981 Marionette: Element is missing an accesible name -> id: kw, tagName: INPUT, className: s_ipt
JavaScript error: https://sp0.baidu.com/5a1Fazu8AA54nxGko9WTAnF6hhy/su?wd=s&json=1&p=3&sid=27129_1430_21090_20927&req=2&csor=1&cb=jQuery110207990241093016249_1535953747664&_=1535953747666, line 1: TypeError: jQuery110207990241093016249_1535953747664 is not a function
JavaScript error: https://sp0.baidu.com/5a1Fazu8AA54nxGko9WTAnF6hhy/su?wd=so&json=1&p=3&sid=27129_1430_21090_20927&req=2&csor=2&pwd=s&cb=jQuery110207990241093016249_1535953747664&_=1535953747667, line 1: TypeError: jQuery110207990241093016249_1535953747664 is not a function
JavaScript error: https://sp0.baidu.com/5a1Fazu8AA54nxGko9WTAnF6hhy/su?wd=soul&json=1&p=3&sid=27129_1430_21090_20927&req=2&csor=4&pwd=sou&cb=jQuery110207990241093016249_1535953747664&_=1535953747669, line 1: TypeError: jQuery110207990241093016249_1535953747664 is not a function
JavaScript error: https://sp0.baidu.com/5a1Fazu8AA54nxGko9WTAnF6hhy/su?wd=sou&json=1&p=3&sid=27129_1430_21090_20927&req=2&csor=3&pwd=so&cb=jQuery110207990241093016249_1535953747664&_=1535953747668, line 1: TypeError: jQuery110207990241093016249_1535953747664 is not a function
1535953870983	geckodriver	INFO	Listening on 127.0.0.1:61524
1535953872992	mozprofile::profile	INFO	Using profile path C:\Users\ADMINI~1.DOU\AppData\Local\Temp\rust_mozprofile.jqQSeF1NyIYQ
1535953872994	geckodriver::marionette	INFO	Starting browser C:\Program Files\Mozilla Firefox\firefox.exe
1535953873041	geckodriver::marionette	INFO	Connecting to Marionette on localhost:61601
[GFX1]: Potential driver version mismatch ignored due to missing DLLs
JavaScript error: https://ss1.bdstatic.com/5eN1bjq8AAUYm2zgoY3K/r/www/cache/static/protocol/https/plugins/every_cookie_4644b13.js, line 4: ReferenceError: c is not defined
1535953877582 Marionette: Element is missing an accesible name -> id: kw, tagName: INPUT, className: s_ipt
JavaScript error: https://sp0.baidu.com/5a1Fazu8AA54nxGko9WTAnF6hhy/su?wd=s&json=1&p=3&sid=1435_26963_21124_26350_20930&req=2&csor=1&cb=jQuery110203423056657334115_1535953877320&_=1535953877322, line 1: TypeError: jQuery110203423056657334115_1535953877320 is not a function
JavaScript error: https://sp0.baidu.com/5a1Fazu8AA54nxGko9WTAnF6hhy/su?wd=sou&json=1&p=3&sid=1435_26963_21124_26350_20930&req=2&csor=3&pwd=so&cb=jQuery110203423056657334115_1535953877320&_=1535953877324, line 1: TypeError: jQuery110203423056657334115_1535953877320 is not a function
JavaScript error: https://sp0.baidu.com/5a1Fazu8AA54nxGko9WTAnF6hhy/su?wd=so&json=1&p=3&sid=1435_26963_21124_26350_20930&req=2&csor=2&pwd=s&cb=jQuery110203423056657334115_1535953877320&_=1535953877323, line 1: TypeError: jQuery110203423056657334115_1535953877320 is not a function
JavaScript error: https://sp0.baidu.com/5a1Fazu8AA54nxGko9WTAnF6hhy/su?wd=soul&json=1&p=3&sid=1435_26963_21124_26350_20930&req=2&csor=4&pwd=sou&cb=jQuery110203423056657334115_1535953877320&_=1535953877325, line 1: TypeError: jQuery110203423056657334115_1535953877320 is not a function
1535954366643	geckodriver	INFO	Listening on 127.0.0.1:59477
1535954368663	mozprofile::profile	INFO	Using profile path C:\Users\ADMINI~1.DOU\AppData\Local\Temp\rust_mozprofile.9EExTNzwK2e4
1535954368666	geckodriver::marionette	INFO	Starting browser C:\Program Files\Mozilla Firefox\firefox.exe
1535954368715	geckodriver::marionette	INFO	Connecting to Marionette on localhost:59564
[GFX1]: Potential driver version mismatch ignored due to missing DLLs
JavaScript error: https://ss1.bdstatic.com/5eN1bjq8AAUYm2zgoY3K/r/www/cache/static/protocol/https/plugins/every_cookie_4644b13.js, line 4: ReferenceError: c is not defined
1535954372984 Marionette: Element is missing an accesible name -> id: kw, tagName: INPUT, className: s_ipt
JavaScript error: https://sp0.baidu.com/5a1Fazu8AA54nxGko9WTAnF6hhy/su?wd=s&json=1&p=3&sid=27139_1459_21098_18559_26350_27114&req=2&csor=1&cb=jQuery1102003429340935679881_1535954372679&_=1535954372681, line 1: TypeError: jQuery1102003429340935679881_1535954372679 is not a function
1535955627691	geckodriver	INFO	Listening on 127.0.0.1:49727
1535955629710	mozprofile::profile	INFO	Using profile path C:\Users\ADMINI~1.DOU\AppData\Local\Temp\rust_mozprofile.qyb0r3JVQEGL
1535955629712	geckodriver::marionette	INFO	Starting browser C:\Program Files\Mozilla Firefox\firefox.exe
1535955629760	geckodriver::marionette	INFO	Connecting to Marionette on localhost:49791
[GFX1]: Potential driver version mismatch ignored due to missing DLLs
JavaScript error: https://ss1.bdstatic.com/5eN1bjq8AAUYm2zgoY3K/r/www/cache/static/protocol/https/plugins/every_cookie_4644b13.js, line 4: ReferenceError: c is not defined
1535955634168 Marionette: Element is missing an accesible name -> id: kw, tagName: INPUT, className: s_ipt
1535955663751	geckodriver	INFO	Listening on 127.0.0.1:62932
1535955665768	mozprofile::profile	INFO	Using profile path C:\Users\ADMINI~1.DOU\AppData\Local\Temp\rust_mozprofile.uWIFyAhCDhwT
1535955665771	geckodriver::marionette	INFO	Starting browser C:\Program Files\Mozilla Firefox\firefox.exe
1535955665818	geckodriver::marionette	INFO	Connecting to Marionette on localhost:62988
[GFX1]: Potential driver version mismatch ignored due to missing DLLs
JavaScript error: https://ss1.bdstatic.com/5eN1bjq8AAUYm2zgoY3K/r/www/cache/static/protocol/https/plugins/every_cookie_4644b13.js, line 4: ReferenceError: c is not defined
1535955670420 Marionette: Element is missing an accesible name -> id: kw, tagName: INPUT, className: s_ipt
JavaScript error: https://sp0.baidu.com/5a1Fazu8AA54nxGko9WTAnF6hhy/su?wd=s&json=1&p=3&sid=27139_1444_25809_21086_26350&req=2&csor=1&cb=jQuery110208509761375177068_1535955670098&_=1535955670100, line 1: TypeError: jQuery110208509761375177068_1535955670098 is not a function
JavaScript error: https://sp0.baidu.com/5a1Fazu8AA54nxGko9WTAnF6hhy/su?wd=so&json=1&p=3&sid=27139_1444_25809_21086_26350&req=2&csor=2&pwd=s&cb=jQuery110208509761375177068_1535955670098&_=1535955670101, line 1: TypeError: jQuery110208509761375177068_1535955670098 is not a function
1535955789909	geckodriver	INFO	Listening on 127.0.0.1:50380
1535955791929	mozprofile::profile	INFO	Using profile path C:\Users\ADMINI~1.DOU\AppData\Local\Temp\rust_mozprofile.j7yY7dBnlNYU
1535955791931	geckodriver::marionette	INFO	Starting browser C:\Program Files\Mozilla Firefox\firefox.exe
1535955791979	geckodriver::marionette	INFO	Connecting to Marionette on localhost:50506
[GFX1]: Potential driver version mismatch ignored due to missing DLLs
JavaScript error: https://ss1.bdstatic.com/5eN1bjq8AAUYm2zgoY3K/r/www/cache/static/protocol/https/plugins/every_cookie_4644b13.js, line 4: ReferenceError: c is not defined
1535955796383 Marionette: Element is missing an accesible name -> id: kw, tagName: INPUT, className: s_ipt
JavaScript error: https://sp0.baidu.com/5a1Fazu8AA54nxGko9WTAnF6hhy/su?wd=s&json=1&p=3&sid=1446_21113_26350_27114&req=2&csor=1&cb=jQuery1102011686252201329084_1535955796093&_=1535955796095, line 1: TypeError: jQuery1102011686252201329084_1535955796093 is not a function
JavaScript error: https://sp0.baidu.com/5a1Fazu8AA54nxGko9WTAnF6hhy/su?wd=so&json=1&p=3&sid=1446_21113_26350_27114&req=2&csor=2&pwd=s&cb=jQuery1102011686252201329084_1535955796093&_=1535955796096, line 1: TypeError: jQuery1102011686252201329084_1535955796093 is not a function
1535956041655	geckodriver	INFO	Listening on 127.0.0.1:58840
1535956043673	mozprofile::profile	INFO	Using profile path C:\Users\ADMINI~1.DOU\AppData\Local\Temp\rust_mozprofile.myIffdGlF4TP
1535956043675	geckodriver::marionette	INFO	Starting browser C:\Program Files\Mozilla Firefox\firefox.exe
1535956043722	geckodriver::marionette	INFO	Connecting to Marionette on localhost:58966
[GFX1]: Potential driver version mismatch ignored due to missing DLLs
JavaScript error: https://ss1.bdstatic.com/5eN1bjq8AAUYm2zgoY3K/r/www/cache/static/protocol/https/plugins/every_cookie_4644b13.js, line 4: ReferenceError: c is not defined
1535956048332 Marionette: Element is missing an accesible name -> id: kw, tagName: INPUT, className: s_ipt
JavaScript error: https://sp0.baidu.com/5a1Fazu8AA54nxGko9WTAnF6hhy/su?wd=s&json=1&p=3&sid=1436_21125_27112&req=2&csor=1&cb=jQuery110205861715673922366_1535956048006&_=1535956048008, line 1: TypeError: jQuery110205861715673922366_1535956048006 is not a function
JavaScript error: https://sp0.baidu.com/5a1Fazu8AA54nxGko9WTAnF6hhy/su?wd=so&json=1&p=3&sid=1436_21125_27112&req=2&csor=2&pwd=s&cb=jQuery110205861715673922366_1535956048006&_=1535956048009, line 1: TypeError: jQuery110205861715673922366_1535956048006 is not a function
JavaScript error: https://sp0.baidu.com/5a1Fazu8AA54nxGko9WTAnF6hhy/su?wd=sou&json=1&p=3&sid=1436_21125_27112&req=2&csor=3&pwd=so&cb=jQuery110205861715673922366_1535956048006&_=1535956048010, line 1: TypeError: jQuery110205861715673922366_1535956048006 is not a function
JavaScript error: https://sp0.baidu.com/5a1Fazu8AA54nxGko9WTAnF6hhy/su?wd=soul&json=1&p=3&sid=1436_21125_27112&req=2&csor=4&pwd=sou&cb=jQuery110205861715673922366_1535956048006&_=1535956048011, line 1: TypeError: jQuery110205861715673922366_1535956048006 is not a function
1535956221153	geckodriver	INFO	Listening on 127.0.0.1:64344
1535956223161	mozprofile::profile	INFO	Using profile path C:\Users\ADMINI~1.DOU\AppData\Local\Temp\rust_mozprofile.dpB9June8d9w
1535956223163	geckodriver::marionette	INFO	Starting browser C:\Program Files\Mozilla Firefox\firefox.exe
1535956223210	geckodriver::marionette	INFO	Connecting to Marionette on localhost:64421
[GFX1]: Potential driver version mismatch ignored due to missing DLLs
JavaScript error: https://ss1.bdstatic.com/5eN1bjq8AAUYm2zgoY3K/r/www/cache/static/protocol/https/plugins/every_cookie_4644b13.js, line 4: ReferenceError: c is not defined
1535956227827 Marionette: Element is missing an accesible name -> id: kw, tagName: INPUT, className: s_ipt
JavaScript error: https://sp0.baidu.com/5a1Fazu8AA54nxGko9WTAnF6hhy/su?wd=s&json=1&p=3&sid=26522_1422_21111_20718&req=2&csor=1&cb=jQuery110205010693269914263_1535956227572&_=1535956227574, line 1: TypeError: jQuery110205010693269914263_1535956227572 is not a function
JavaScript error: https://sp0.baidu.com/5a1Fazu8AA54nxGko9WTAnF6hhy/su?wd=so&json=1&p=3&sid=26522_1422_21111_20718&req=2&csor=2&pwd=s&cb=jQuery110205010693269914263_1535956227572&_=1535956227575, line 1: TypeError: jQuery110205010693269914263_1535956227572 is not a function
JavaScript error: https://sp0.baidu.com/5a1Fazu8AA54nxGko9WTAnF6hhy/su?wd=sou&json=1&p=3&sid=26522_1422_21111_20718&req=2&csor=3&pwd=so&cb=jQuery110205010693269914263_1535956227572&_=1535956227576, line 1: TypeError: jQuery110205010693269914263_1535956227572 is not a function
JavaScript error: https://sp0.baidu.com/5a1Fazu8AA54nxGko9WTAnF6hhy/su?wd=soul&json=1&p=3&sid=26522_1422_21111_20718&req=2&csor=4&pwd=sou&cb=jQuery110205010693269914263_1535956227572&_=1535956227577, line 1: TypeError: jQuery110205010693269914263_1535956227572 is not a function
1535956286773	geckodriver	INFO	Listening on 127.0.0.1:50237
1535956288792	mozprofile::profile	INFO	Using profile path C:\Users\ADMINI~1.DOU\AppData\Local\Temp\rust_mozprofile.zHolCoFJCQ7p
1535956288794	geckodriver::marionette	INFO	Starting browser C:\Program Files\Mozilla Firefox\firefox.exe
1535956288840	geckodriver::marionette	INFO	Connecting to Marionette on localhost:50293
[GFX1]: Potential driver version mismatch ignored due to missing DLLs
JavaScript error: https://ss1.bdstatic.com/5eN1bjq8AAUYm2zgoY3K/r/www/cache/static/protocol/https/plugins/every_cookie_4644b13.js, line 4: ReferenceError: c is not defined
1535956293002 Marionette: Element is missing an accesible name -> id: kw, tagName: INPUT, className: s_ipt
JavaScript error: https://sp0.baidu.com/5a1Fazu8AA54nxGko9WTAnF6hhy/su?wd=s&json=1&p=3&sid=1449_21083_20718&req=2&csor=1&cb=jQuery1102014888993954143892_1535956292677&_=1535956292679, line 1: TypeError: jQuery1102014888993954143892_1535956292677 is not a function
JavaScript error: https://sp0.baidu.com/5a1Fazu8AA54nxGko9WTAnF6hhy/su?wd=so&json=1&p=3&sid=1449_21083_20718&req=2&csor=2&pwd=s&cb=jQuery1102014888993954143892_1535956292677&_=1535956292680, line 1: TypeError: jQuery1102014888993954143892_1535956292677 is not a function
JavaScript error: https://sp0.baidu.com/5a1Fazu8AA54nxGko9WTAnF6hhy/su?wd=sou&json=1&p=3&sid=1449_21083_20718&req=2&csor=3&pwd=so&cb=jQuery1102014888993954143892_1535956292677&_=1535956292681, line 1: TypeError: jQuery1102014888993954143892_1535956292677 is not a function
JavaScript error: https://sp0.baidu.com/5a1Fazu8AA54nxGko9WTAnF6hhy/su?wd=soul&json=1&p=3&sid=1449_21083_20718&req=2&csor=4&pwd=sou&cb=jQuery1102014888993954143892_1535956292677&_=1535956292682, line 1: TypeError: jQuery1102014888993954143892_1535956292677 is not a function
1535956307584	geckodriver	INFO	Listening on 127.0.0.1:50824
1535956309603	mozprofile::profile	INFO	Using profile path C:\Users\ADMINI~1.DOU\AppData\Local\Temp\rust_mozprofile.ZEj5GOKTs2HU
1535956309605	geckodriver::marionette	INFO	Starting browser C:\Program Files\Mozilla Firefox\firefox.exe
1535956309652	geckodriver::marionette	INFO	Connecting to Marionette on localhost:50850
[GFX1]: Potential driver version mismatch ignored due to missing DLLs
1535956314015 Marionette: Element is missing an accesible name -> id: kw, tagName: INPUT, className: s_ipt
JavaScript error: https://sp0.baidu.com/5a1Fazu8AA54nxGko9WTAnF6hhy/su?wd=sou&json=1&p=3&sid=1423_21111_22158&req=2&csor=3&pwd=so&cb=jQuery110202798279747932265_1535956313573&_=1535956313577, line 1: TypeError: jQuery110202798279747932265_1535956313573 is not a function
JavaScript error: https://sp0.baidu.com/5a1Fazu8AA54nxGko9WTAnF6hhy/su?wd=soul&json=1&p=3&sid=1423_21111_22158&req=2&csor=4&pwd=sou&cb=jQuery110202798279747932265_1535956313573&_=1535956313578, line 1: TypeError: jQuery110202798279747932265_1535956313573 is not a function
JavaScript error: https://sp0.baidu.com/5a1Fazu8AA54nxGko9WTAnF6hhy/su?wd=so&json=1&p=3&sid=1423_21111_22158&req=2&csor=2&pwd=s&cb=jQuery110202798279747932265_1535956313573&_=1535956313576, line 1: TypeError: jQuery110202798279747932265_1535956313573 is not a function
1535956486185	geckodriver	INFO	Listening on 127.0.0.1:60979
1535956488205	mozprofile::profile	INFO	Using profile path C:\Users\ADMINI~1.DOU\AppData\Local\Temp\rust_mozprofile.ALTTSfPHXjwm
1535956488207	geckodriver::marionette	INFO	Starting browser C:\Program Files\Mozilla Firefox\firefox.exe
1535956488254	geckodriver::marionette	INFO	Connecting to Marionette on localhost:61045
[GFX1]: Potential driver version mismatch ignored due to missing DLLs
JavaScript error: https://ss1.bdstatic.com/5eN1bjq8AAUYm2zgoY3K/r/www/cache/static/protocol/https/plugins/every_cookie_4644b13.js, line 4: ReferenceError: c is not defined
1535956493187 Marionette: Element is missing an accesible name -> id: kw, tagName: INPUT, className: s_ipt
JavaScript error: https://sp0.baidu.com/5a1Fazu8AA54nxGko9WTAnF6hhy/su?wd=s&json=1&p=3&sid=1428_21101_26350_27112&req=2&csor=1&cb=jQuery110205208039309731645_1535956492895&_=1535956492897, line 1: TypeError: jQuery110205208039309731645_1535956492895 is not a function
JavaScript error: https://sp0.baidu.com/5a1Fazu8AA54nxGko9WTAnF6hhy/su?wd=sou&json=1&p=3&sid=1428_21101_26350_27112&req=2&csor=3&pwd=so&cb=jQuery110205208039309731645_1535956492895&_=1535956492899, line 1: TypeError: jQuery110205208039309731645_1535956492895 is not a function
JavaScript error: https://sp0.baidu.com/5a1Fazu8AA54nxGko9WTAnF6hhy/su?wd=soul&json=1&p=3&sid=1428_21101_26350_27112&req=2&csor=4&pwd=sou&cb=jQuery110205208039309731645_1535956492895&_=1535956492900, line 1: TypeError: jQuery110205208039309731645_1535956492895 is not a function
JavaScript error: https://sp0.baidu.com/5a1Fazu8AA54nxGko9WTAnF6hhy/su?wd=so&json=1&p=3&sid=1428_21101_26350_27112&req=2&csor=2&pwd=s&cb=jQuery110205208039309731645_1535956492895&_=1535956492898, line 1: TypeError: jQuery110205208039309731645_1535956492895 is not a function
1535956720025	geckodriver	INFO	Listening on 127.0.0.1:63353
1535956722035	mozprofile::profile	INFO	Using profile path C:\Users\ADMINI~1.DOU\AppData\Local\Temp\rust_mozprofile.yWNz194w5FYr
1535956722037	geckodriver::marionette	INFO	Starting browser C:\Program Files\Mozilla Firefox\firefox.exe
1535956722084	geckodriver::marionette	INFO	Connecting to Marionette on localhost:63419
[GFX1]: Potential driver version mismatch ignored due to missing DLLs
JavaScript error: https://ss1.bdstatic.com/5eN1bjq8AAUYm2zgoY3K/r/www/cache/static/protocol/https/plugins/every_cookie_4644b13.js, line 4: ReferenceError: c is not defined
1535956726862 Marionette: Element is missing an accesible name -> id: kw, tagName: INPUT, className: s_ipt
JavaScript error: https://sp0.baidu.com/5a1Fazu8AA54nxGko9WTAnF6hhy/su?wd=s&json=1&p=3&sid=26525_1436_26909_21118_27113&req=2&csor=1&cb=jQuery110205124086952469276_1535956726589&_=1535956726591, line 1: TypeError: jQuery110205124086952469276_1535956726589 is not a function
JavaScript error: https://sp0.baidu.com/5a1Fazu8AA54nxGko9WTAnF6hhy/su?wd=soul&json=1&p=3&sid=26525_1436_26909_21118_27113&req=2&csor=4&pwd=sou&cb=jQuery110205124086952469276_1535956726589&_=1535956726594, line 1: TypeError: jQuery110205124086952469276_1535956726589 is not a function
JavaScript error: https://sp0.baidu.com/5a1Fazu8AA54nxGko9WTAnF6hhy/su?wd=sou&json=1&p=3&sid=26525_1436_26909_21118_27113&req=2&csor=3&pwd=so&cb=jQuery110205124086952469276_1535956726589&_=1535956726593, line 1: TypeError: jQuery110205124086952469276_1535956726589 is not a function
JavaScript error: https://sp0.baidu.com/5a1Fazu8AA54nxGko9WTAnF6hhy/su?wd=so&json=1&p=3&sid=26525_1436_26909_21118_27113&req=2&csor=2&pwd=s&cb=jQuery110205124086952469276_1535956726589&_=1535956726592, line 1: TypeError: jQuery110205124086952469276_1535956726589 is not a function
1535957157080	geckodriver	INFO	Listening on 127.0.0.1:61598
1535957159097	mozprofile::profile	INFO	Using profile path C:\Users\ADMINI~1.DOU\AppData\Local\Temp\rust_mozprofile.84fKUyHX6otO
1535957159100	geckodriver::marionette	INFO	Starting browser C:\Program Files\Mozilla Firefox\firefox.exe
1535957159148	geckodriver::marionette	INFO	Connecting to Marionette on localhost:61654
[GFX1]: Potential driver version mismatch ignored due to missing DLLs
JavaScript error: https://ss1.bdstatic.com/5eN1bjq8AAUYm2zgoY3K/r/www/cache/static/protocol/https/plugins/every_cookie_4644b13.js, line 4: ReferenceError: c is not defined
1535957163778 Marionette: Element is missing an accesible name -> id: kw, tagName: INPUT, className: s_ipt
JavaScript error: https://sp0.baidu.com/5a1Fazu8AA54nxGko9WTAnF6hhy/su?wd=s&json=1&p=3&sid=1440_21111_26350_20929&req=2&csor=1&cb=jQuery110201387149842265245_1535957163520&_=1535957163522, line 1: TypeError: jQuery110201387149842265245_1535957163520 is not a function
JavaScript error: https://sp0.baidu.com/5a1Fazu8AA54nxGko9WTAnF6hhy/su?wd=so&json=1&p=3&sid=1440_21111_26350_20929&req=2&csor=2&pwd=s&cb=jQuery110201387149842265245_1535957163520&_=1535957163523, line 1: TypeError: jQuery110201387149842265245_1535957163520 is not a function
JavaScript error: https://sp0.baidu.com/5a1Fazu8AA54nxGko9WTAnF6hhy/su?wd=soul&json=1&p=3&sid=1440_21111_26350_20929&req=2&csor=4&pwd=sou&cb=jQuery110201387149842265245_1535957163520&_=1535957163525, line 1: TypeError: jQuery110201387149842265245_1535957163520 is not a function
JavaScript error: https://sp0.baidu.com/5a1Fazu8AA54nxGko9WTAnF6hhy/su?wd=sou&json=1&p=3&sid=1440_21111_26350_20929&req=2&csor=3&pwd=so&cb=jQuery110201387149842265245_1535957163520&_=1535957163524, line 1: TypeError: jQuery110201387149842265245_1535957163520 is not a function
1535957214222	geckodriver	INFO	Listening on 127.0.0.1:63195
1535957216241	mozprofile::profile	INFO	Using profile path C:\Users\ADMINI~1.DOU\AppData\Local\Temp\rust_mozprofile.WYdPKSGT4b4T
1535957216243	geckodriver::marionette	INFO	Starting browser C:\Program Files\Mozilla Firefox\firefox.exe
1535957216349	geckodriver::marionette	INFO	Connecting to Marionette on localhost:63333
[GFX1]: Potential driver version mismatch ignored due to missing DLLs
JavaScript error: https://ss1.bdstatic.com/5eN1bjq8AAUYm2zgoY3K/r/www/cache/static/protocol/https/plugins/every_cookie_4644b13.js, line 4: ReferenceError: c is not defined
1535957220679 Marionette: Element is missing an accesible name -> id: kw, tagName: INPUT, className: s_ipt
JavaScript error: https://sp0.baidu.com/5a1Fazu8AA54nxGko9WTAnF6hhy/su?wd=s&json=1&p=3&sid=1458_21089_20719&req=2&csor=1&cb=jQuery110209014293777372504_1535957220401&_=1535957220403, line 1: TypeError: jQuery110209014293777372504_1535957220401 is not a function
JavaScript error: https://sp0.baidu.com/5a1Fazu8AA54nxGko9WTAnF6hhy/su?wd=so&json=1&p=3&sid=1458_21089_20719&req=2&csor=2&pwd=s&cb=jQuery110209014293777372504_1535957220401&_=1535957220404, line 1: TypeError: jQuery110209014293777372504_1535957220401 is not a function
JavaScript error: https://sp0.baidu.com/5a1Fazu8AA54nxGko9WTAnF6hhy/su?wd=soul&json=1&p=3&sid=1458_21089_20719&req=2&csor=4&pwd=sou&cb=jQuery110209014293777372504_1535957220401&_=1535957220406, line 1: TypeError: jQuery110209014293777372504_1535957220401 is not a function
JavaScript error: https://sp0.baidu.com/5a1Fazu8AA54nxGko9WTAnF6hhy/su?wd=sou&json=1&p=3&sid=1458_21089_20719&req=2&csor=3&pwd=so&cb=jQuery110209014293777372504_1535957220401&_=1535957220405, line 1: TypeError: jQuery110209014293777372504_1535957220401 is not a function
1535957442944	geckodriver	INFO	Listening on 127.0.0.1:54035
1535957444961	mozprofile::profile	INFO	Using profile path C:\Users\ADMINI~1.DOU\AppData\Local\Temp\rust_mozprofile.a9j7rLZxJbQD
1535957444964	geckodriver::marionette	INFO	Starting browser C:\Program Files\Mozilla Firefox\firefox.exe
1535957445010	geckodriver::marionette	INFO	Connecting to Marionette on localhost:54081
[GFX1]: Potential driver version mismatch ignored due to missing DLLs
JavaScript error: https://ss1.bdstatic.com/5eN1bjq8AAUYm2zgoY3K/r/www/cache/static/protocol/https/plugins/every_cookie_4644b13.js, line 4: ReferenceError: c is not defined
1535957450445 Marionette: Element is missing an accesible name -> id: kw, tagName: INPUT, className: s_ipt
JavaScript error: https://sp0.baidu.com/5a1Fazu8AA54nxGko9WTAnF6hhy/su?wd=s&json=1&p=3&sid=26524_1429_21081_18559_26350_22072&req=2&csor=1&cb=jQuery110207730418674554419_1535957450119&_=1535957450121, line 1: TypeError: jQuery110207730418674554419_1535957450119 is not a function
JavaScript error: https://sp0.baidu.com/5a1Fazu8AA54nxGko9WTAnF6hhy/su?wd=so&json=1&p=3&sid=26524_1429_21081_18559_26350_22072&req=2&csor=2&pwd=s&cb=jQuery110207730418674554419_1535957450119&_=1535957450122, line 1: TypeError: jQuery110207730418674554419_1535957450119 is not a function
JavaScript error: https://sp0.baidu.com/5a1Fazu8AA54nxGko9WTAnF6hhy/su?wd=sou&json=1&p=3&sid=26524_1429_21081_18559_26350_22072&req=2&csor=3&pwd=so&cb=jQuery110207730418674554419_1535957450119&_=1535957450123, line 1: TypeError: jQuery110207730418674554419_1535957450119 is not a function
JavaScript error: https://sp0.baidu.com/5a1Fazu8AA54nxGko9WTAnF6hhy/su?wd=soul&json=1&p=3&sid=26524_1429_21081_18559_26350_22072&req=2&csor=4&pwd=sou&cb=jQuery110207730418674554419_1535957450119&_=1535957450124, line 1: TypeError: jQuery110207730418674554419_1535957450119 is not a function
1535957537796	geckodriver	INFO	Listening on 127.0.0.1:57345
1535957539815	mozprofile::profile	INFO	Using profile path C:\Users\ADMINI~1.DOU\AppData\Local\Temp\rust_mozprofile.5CF52avAtGu6
1535957539817	geckodriver::marionette	INFO	Starting browser C:\Program Files\Mozilla Firefox\firefox.exe
1535957539866	geckodriver::marionette	INFO	Connecting to Marionette on localhost:57381
[GFX1]: Potential driver version mismatch ignored due to missing DLLs
JavaScript error: https://ss1.bdstatic.com/5eN1bjq8AAUYm2zgoY3K/r/www/cache/static/protocol/https/plugins/every_cookie_4644b13.js, line 4: ReferenceError: c is not defined
1535957543972 Marionette: Element is missing an accesible name -> id: kw, tagName: INPUT, className: s_ipt
JavaScript error: https://sp0.baidu.com/5a1Fazu8AA54nxGko9WTAnF6hhy/su?wd=s&json=1&p=3&sid=26525_1436_21088_18560_26350_20929&req=2&csor=1&cb=jQuery1102011255699527544238_1535957543583&_=1535957543585, line 1: TypeError: jQuery1102011255699527544238_1535957543583 is not a function
JavaScript error: https://sp0.baidu.com/5a1Fazu8AA54nxGko9WTAnF6hhy/su?wd=so&json=1&p=3&sid=26525_1436_21088_18560_26350_20929&req=2&csor=2&pwd=s&cb=jQuery1102011255699527544238_1535957543583&_=1535957543586, line 1: TypeError: jQuery1102011255699527544238_1535957543583 is not a function
JavaScript error: https://sp0.baidu.com/5a1Fazu8AA54nxGko9WTAnF6hhy/su?wd=sou&json=1&p=3&sid=26525_1436_21088_18560_26350_20929&req=2&csor=3&pwd=so&cb=jQuery1102011255699527544238_1535957543583&_=1535957543587, line 1: TypeError: jQuery1102011255699527544238_1535957543583 is not a function
JavaScript error: https://sp0.baidu.com/5a1Fazu8AA54nxGko9WTAnF6hhy/su?wd=soul&json=1&p=3&sid=26525_1436_21088_18560_26350_20929&req=2&csor=4&pwd=sou&cb=jQuery1102011255699527544238_1535957543583&_=1535957543588, line 1: TypeError: jQuery1102011255699527544238_1535957543583 is not a function
1535957715984	geckodriver	INFO	Listening on 127.0.0.1:57296
1535957718004	mozprofile::profile	INFO	Using profile path C:\Users\ADMINI~1.DOU\AppData\Local\Temp\rust_mozprofile.M9VDBe3yphlQ
1535957718006	geckodriver::marionette	INFO	Starting browser C:\Program Files\Mozilla Firefox\firefox.exe
1535957718055	geckodriver::marionette	INFO	Connecting to Marionette on localhost:57394
[GFX1]: Potential driver version mismatch ignored due to missing DLLs
JavaScript error: https://ss1.bdstatic.com/5eN1bjq8AAUYm2zgoY3K/r/www/cache/static/protocol/https/plugins/every_cookie_4644b13.js, line 4: ReferenceError: c is not defined
1535957723057 Marionette: Element is missing an accesible name -> id: kw, tagName: INPUT, className: s_ipt
JavaScript error: https://sp0.baidu.com/5a1Fazu8AA54nxGko9WTAnF6hhy/su?wd=s&json=1&p=3&sid=1445_21125_18560_26350_20927&req=2&csor=1&cb=jQuery11020328364505934987_1535957722684&_=1535957722686, line 1: TypeError: jQuery11020328364505934987_1535957722684 is not a function
JavaScript error: https://sp0.baidu.com/5a1Fazu8AA54nxGko9WTAnF6hhy/su?wd=so&json=1&p=3&sid=1445_21125_18560_26350_20927&req=2&csor=2&pwd=s&cb=jQuery11020328364505934987_1535957722684&_=1535957722687, line 1: TypeError: jQuery11020328364505934987_1535957722684 is not a function
JavaScript error: https://sp0.baidu.com/5a1Fazu8AA54nxGko9WTAnF6hhy/su?wd=sou&json=1&p=3&sid=1445_21125_18560_26350_20927&req=2&csor=3&pwd=so&cb=jQuery11020328364505934987_1535957722684&_=1535957722688, line 1: TypeError: jQuery11020328364505934987_1535957722684 is not a function
JavaScript error: https://sp0.baidu.com/5a1Fazu8AA54nxGko9WTAnF6hhy/su?wd=soul&json=1&p=3&sid=1445_21125_18560_26350_20927&req=2&csor=4&pwd=sou&cb=jQuery11020328364505934987_1535957722684&_=1535957722689, line 1: TypeError: jQuery11020328364505934987_1535957722684 is not a function
1535957726577	geckodriver	INFO	Listening on 127.0.0.1:57866
1535957728590	mozprofile::profile	INFO	Using profile path C:\Users\ADMINI~1.DOU\AppData\Local\Temp\rust_mozprofile.qYBEuEfsJYjl
1535957728593	geckodriver::marionette	INFO	Starting browser C:\Program Files\Mozilla Firefox\firefox.exe
1535957728640	geckodriver::marionette	INFO	Connecting to Marionette on localhost:57934
[GFX1]: Potential driver version mismatch ignored due to missing DLLs
JavaScript error: https://ss1.bdstatic.com/5eN1bjq8AAUYm2zgoY3K/r/www/cache/static/protocol/https/plugins/every_cookie_4644b13.js, line 4: ReferenceError: c is not defined
1535957733148 Marionette: Element is missing an accesible name -> id: kw, tagName: INPUT, className: s_ipt
JavaScript error: https://sp0.baidu.com/5a1Fazu8AA54nxGko9WTAnF6hhy/su?wd=s&json=1&p=3&sid=1462_26909_21120_26350_20930&req=2&csor=1&cb=jQuery110205107147769229881_1535957732689&_=1535957732691, line 1: TypeError: jQuery110205107147769229881_1535957732689 is not a function
JavaScript error: https://sp0.baidu.com/5a1Fazu8AA54nxGko9WTAnF6hhy/su?wd=sou&json=1&p=3&sid=1462_26909_21120_26350_20930&req=2&csor=3&pwd=so&cb=jQuery110205107147769229881_1535957732689&_=1535957732693, line 1: TypeError: jQuery110205107147769229881_1535957732689 is not a function
JavaScript error: https://sp0.baidu.com/5a1Fazu8AA54nxGko9WTAnF6hhy/su?wd=so&json=1&p=3&sid=1462_26909_21120_26350_20930&req=2&csor=2&pwd=s&cb=jQuery110205107147769229881_1535957732689&_=1535957732692, line 1: TypeError: jQuery110205107147769229881_1535957732689 is not a function
JavaScript error: https://sp0.baidu.com/5a1Fazu8AA54nxGko9WTAnF6hhy/su?wd=soul&json=1&p=3&sid=1462_26909_21120_26350_20930&req=2&csor=4&pwd=sou&cb=jQuery110205107147769229881_1535957732689&_=1535957732694, line 1: TypeError: jQuery110205107147769229881_1535957732689 is not a function
1535958430774	geckodriver	INFO	Listening on 127.0.0.1:64972
1535958432793	mozprofile::profile	INFO	Using profile path C:\Users\ADMINI~1.DOU\AppData\Local\Temp\rust_mozprofile.sydYGroJtJ6n
1535958432795	geckodriver::marionette	INFO	Starting browser C:\Program Files\Mozilla Firefox\firefox.exe
1535958432843	geckodriver::marionette	INFO	Connecting to Marionette on localhost:65089
[GFX1]: Potential driver version mismatch ignored due to missing DLLs
JavaScript error: https://ss1.bdstatic.com/5eN1bjq8AAUYm2zgoY3K/r/www/cache/static/protocol/https/plugins/every_cookie_4644b13.js, line 4: ReferenceError: c is not defined
1535958437571 Marionette: Element is missing an accesible name -> id: kw, tagName: INPUT, className: s_ipt
JavaScript error: https://sp0.baidu.com/5a1Fazu8AA54nxGko9WTAnF6hhy/su?wd=s&json=1&p=3&sid=1437_21082_22158&req=2&csor=1&cb=jQuery110203966509440841808_1535958437271&_=1535958437273, line 1: TypeError: jQuery110203966509440841808_1535958437271 is not a function
JavaScript error: https://sp0.baidu.com/5a1Fazu8AA54nxGko9WTAnF6hhy/su?wd=so&json=1&p=3&sid=1437_21082_22158&req=2&csor=2&pwd=s&cb=jQuery110203966509440841808_1535958437271&_=1535958437274, line 1: TypeError: jQuery110203966509440841808_1535958437271 is not a function
JavaScript error: https://sp0.baidu.com/5a1Fazu8AA54nxGko9WTAnF6hhy/su?wd=sou&json=1&p=3&sid=1437_21082_22158&req=2&csor=3&pwd=so&cb=jQuery110203966509440841808_1535958437271&_=1535958437275, line 1: TypeError: jQuery110203966509440841808_1535958437271 is not a function
JavaScript error: https://sp0.baidu.com/5a1Fazu8AA54nxGko9WTAnF6hhy/su?wd=soul&json=1&p=3&sid=1437_21082_22158&req=2&csor=4&pwd=sou&cb=jQuery110203966509440841808_1535958437271&_=1535958437276, line 1: TypeError: jQuery110203966509440841808_1535958437271 is not a function
1535958441105	geckodriver	INFO	Listening on 127.0.0.1:65518
1535958443119	mozprofile::profile	INFO	Using profile path C:\Users\ADMINI~1.DOU\AppData\Local\Temp\rust_mozprofile.JgsgUDrZ0LUr
1535958443121	geckodriver::marionette	INFO	Starting browser C:\Program Files\Mozilla Firefox\firefox.exe
1535958443169	geckodriver::marionette	INFO	Connecting to Marionette on localhost:49201
[GFX1]: Potential driver version mismatch ignored due to missing DLLs
JavaScript error: https://ss1.bdstatic.com/5eN1bjq8AAUYm2zgoY3K/r/www/cache/static/protocol/https/plugins/every_cookie_4644b13.js, line 4: ReferenceError: c is not defined
1535958447497 Marionette: Element is missing an accesible name -> id: kw, tagName: INPUT, className: s_ipt
JavaScript error: https://sp0.baidu.com/5a1Fazu8AA54nxGko9WTAnF6hhy/su?wd=sou&json=1&p=3&sid=26524_1434_21095_20928&req=2&csor=3&pwd=so&cb=jQuery110202039578278929498_1535958447007&_=1535958447011, line 1: TypeError: jQuery110202039578278929498_1535958447007 is not a function
JavaScript error: https://sp0.baidu.com/5a1Fazu8AA54nxGko9WTAnF6hhy/su?wd=so&json=1&p=3&sid=26524_1434_21095_20928&req=2&csor=2&pwd=s&cb=jQuery110202039578278929498_1535958447007&_=1535958447010, line 1: TypeError: jQuery110202039578278929498_1535958447007 is not a function
JavaScript error: https://sp0.baidu.com/5a1Fazu8AA54nxGko9WTAnF6hhy/su?wd=soul&json=1&p=3&sid=26524_1434_21095_20928&req=2&csor=4&pwd=sou&cb=jQuery110202039578278929498_1535958447007&_=1535958447012, line 1: TypeError: jQuery110202039578278929498_1535958447007 is not a function
1535958513042	geckodriver	INFO	Listening on 127.0.0.1:51059
1535958515061	mozprofile::profile	INFO	Using profile path C:\Users\ADMINI~1.DOU\AppData\Local\Temp\rust_mozprofile.ChdV5bSGx6OW
1535958515064	geckodriver::marionette	INFO	Starting browser C:\Program Files\Mozilla Firefox\firefox.exe
1535958515111	geckodriver::marionette	INFO	Connecting to Marionette on localhost:51175
[GFX1]: Potential driver version mismatch ignored due to missing DLLs
JavaScript error: https://ss1.bdstatic.com/5eN1bjq8AAUYm2zgoY3K/r/www/cache/static/protocol/https/plugins/every_cookie_4644b13.js, line 4: ReferenceError: c is not defined
1535958519197 Marionette: Element is missing an accesible name -> id: kw, tagName: INPUT, className: s_ipt
JavaScript error: https://sp0.baidu.com/5a1Fazu8AA54nxGko9WTAnF6hhy/su?wd=s&json=1&p=3&sid=27135_1428_21085_26350_20929&req=2&csor=1&cb=jQuery110204965895403875815_1535958518816&_=1535958518818, line 1: TypeError: jQuery110204965895403875815_1535958518816 is not a function
JavaScript error: https://sp0.baidu.com/5a1Fazu8AA54nxGko9WTAnF6hhy/su?wd=so&json=1&p=3&sid=27135_1428_21085_26350_20929&req=2&csor=2&pwd=s&cb=jQuery110204965895403875815_1535958518816&_=1535958518819, line 1: TypeError: jQuery110204965895403875815_1535958518816 is not a function
JavaScript error: https://sp0.baidu.com/5a1Fazu8AA54nxGko9WTAnF6hhy/su?wd=sou&json=1&p=3&sid=27135_1428_21085_26350_20929&req=2&csor=3&pwd=so&cb=jQuery110204965895403875815_1535958518816&_=1535958518820, line 1: TypeError: jQuery110204965895403875815_1535958518816 is not a function
JavaScript error: https://sp0.baidu.com/5a1Fazu8AA54nxGko9WTAnF6hhy/su?wd=soul&json=1&p=3&sid=27135_1428_21085_26350_20929&req=2&csor=4&pwd=sou&cb=jQuery110204965895403875815_1535958518816&_=1535958518821, line 1: TypeError: jQuery110204965895403875815_1535958518816 is not a function
1535959486607	geckodriver	INFO	Listening on 127.0.0.1:65331
1535959488611	mozprofile::profile	INFO	Using profile path C:\Users\ADMINI~1.DOU\AppData\Local\Temp\rust_mozprofile.fXh4OVaXKk0z
1535959488614	geckodriver::marionette	INFO	Starting browser C:\Program Files\Mozilla Firefox\firefox.exe
1535959488665	geckodriver::marionette	INFO	Connecting to Marionette on localhost:65378
[GFX1]: Potential driver version mismatch ignored due to missing DLLs
1535959492945 Marionette: Element is missing an accesible name -> id: kw, tagName: INPUT, className: 
JavaScript error: http://s1.bdstatic.com/r/www/cache/static/plugins/every_cookie_4644b13.js, line 4: ReferenceError: c is not defined
1535959495402	geckodriver	INFO	Listening on 127.0.0.1:49232
1535959497416	mozprofile::profile	INFO	Using profile path C:\Users\ADMINI~1.DOU\AppData\Local\Temp\rust_mozprofile.GrMzbcLehx2z
1535959497418	geckodriver::marionette	INFO	Starting browser C:\Program Files\Mozilla Firefox\firefox.exe
1535959497466	geckodriver::marionette	INFO	Connecting to Marionette on localhost:49368
[GFX1]: Potential driver version mismatch ignored due to missing DLLs
1535959607313	geckodriver	INFO	Listening on 127.0.0.1:52903
1535959609333	mozprofile::profile	INFO	Using profile path C:\Users\ADMINI~1.DOU\AppData\Local\Temp\rust_mozprofile.vii8ELHELmgk
1535959609335	geckodriver::marionette	INFO	Starting browser C:\Program Files\Mozilla Firefox\firefox.exe
1535959609382	geckodriver::marionette	INFO	Connecting to Marionette on localhost:52959
[GFX1]: Potential driver version mismatch ignored due to missing DLLs
1535959612976 Marionette: Element is missing an accesible name -> id: kw, tagName: INPUT, className: 
JavaScript error: http://s1.bdstatic.com/r/www/cache/static/plugins/every_cookie_4644b13.js, line 4: ReferenceError: c is not defined
1535959615326	geckodriver	INFO	Listening on 127.0.0.1:53155
1535959617330	mozprofile::profile	INFO	Using profile path C:\Users\ADMINI~1.DOU\AppData\Local\Temp\rust_mozprofile.ALJwJodREjG6
1535959617333	geckodriver::marionette	INFO	Starting browser C:\Program Files\Mozilla Firefox\firefox.exe
1535959617380	geckodriver::marionette	INFO	Connecting to Marionette on localhost:53303
[GFX1]: Potential driver version mismatch ignored due to missing DLLs
1535959700478	geckodriver	INFO	Listening on 127.0.0.1:55404
1535959702498	mozprofile::profile	INFO	Using profile path C:\Users\ADMINI~1.DOU\AppData\Local\Temp\rust_mozprofile.vKOmYN6vYzc6
1535959702500	geckodriver::marionette	INFO	Starting browser C:\Program Files\Mozilla Firefox\firefox.exe
1535959702547	geckodriver::marionette	INFO	Connecting to Marionette on localhost:55442
[GFX1]: Potential driver version mismatch ignored due to missing DLLs
1535959706291 Marionette: Element is missing an accesible name -> id: kw, tagName: INPUT, className: 
JavaScript error: http://s1.bdstatic.com/r/www/cache/static/plugins/every_cookie_4644b13.js, line 4: ReferenceError: c is not defined
1535959708592	geckodriver	INFO	Listening on 127.0.0.1:55587
1535959710598	mozprofile::profile	INFO	Using profile path C:\Users\ADMINI~1.DOU\AppData\Local\Temp\rust_mozprofile.qhy0oPxyIZAt
1535959710601	geckodriver::marionette	INFO	Starting browser C:\Program Files\Mozilla Firefox\firefox.exe
1535959710649	geckodriver::marionette	INFO	Connecting to Marionette on localhost:55693
[GFX1]: Potential driver version mismatch ignored due to missing DLLs
1535959781310	geckodriver	INFO	Listening on 127.0.0.1:58234
1535959783340	mozprofile::profile	INFO	Using profile path C:\Users\ADMINI~1.DOU\AppData\Local\Temp\rust_mozprofile.xtLeDikwA5gb
1535959783343	geckodriver::marionette	INFO	Starting browser C:\Program Files\Mozilla Firefox\firefox.exe
1535959783390	geckodriver::marionette	INFO	Connecting to Marionette on localhost:58272
[GFX1]: Potential driver version mismatch ignored due to missing DLLs
1535959787438 Marionette: Element is missing an accesible name -> id: kw, tagName: INPUT, className: 
JavaScript error: http://s1.bdstatic.com/r/www/cache/static/plugins/every_cookie_4644b13.js, line 4: ReferenceError: c is not defined
1535959789710	geckodriver	INFO	Listening on 127.0.0.1:58367
1535959791724	mozprofile::profile	INFO	Using profile path C:\Users\ADMINI~1.DOU\AppData\Local\Temp\rust_mozprofile.qHXDO6Qix0qy
1535959791727	geckodriver::marionette	INFO	Starting browser C:\Program Files\Mozilla Firefox\firefox.exe
1535959791774	geckodriver::marionette	INFO	Connecting to Marionette on localhost:58403
[GFX1]: Potential driver version mismatch ignored due to missing DLLs
1542097528041	geckodriver	INFO	Listening on 127.0.0.1:51284
1542097531025	mozprofile::profile	INFO	Using profile path C:\Users\ADMINI~1\AppData\Local\Temp\rust_mozprofile.TAH3YQfyp4x7
1542097531035	geckodriver::marionette	INFO	Starting browser C:\Program Files\Mozilla Firefox\firefox.exe
1542097531175	geckodriver::marionette	INFO	Connecting to Marionette on localhost:51404
[GFX1]: Potential driver version mismatch ignored due to missing DLLs
1542097534142	geckodriver	INFO	Listening on 127.0.0.1:51427
1542097537129	mozprofile::profile	INFO	Using profile path C:\Users\ADMINI~1\AppData\Local\Temp\rust_mozprofile.Ajzjp2mQkU1a
1542097537140	geckodriver::marionette	INFO	Starting browser C:\Program Files\Mozilla Firefox\firefox.exe
1542097537310	geckodriver::marionette	INFO	Connecting to Marionette on localhost:51540
[GFX1]: Potential driver version mismatch ignored due to missing DLLs
1542272899212	geckodriver	INFO	Listening on 127.0.0.1:54459
1542272902212	mozprofile::profile	INFO	Using profile path C:\Users\ADMINI~1\AppData\Local\Temp\rust_mozprofile.aI59BhfxGrPj
1542272902216	geckodriver::marionette	INFO	Starting browser C:\Program Files\Mozilla Firefox\firefox.exe
1542272902364	geckodriver::marionette	INFO	Connecting to Marionette on localhost:54659
[GFX1]: Potential driver version mismatch ignored due to missing DLLs
JavaScript error: https://ss1.bdstatic.com/5eN1bjq8AAUYm2zgoY3K/r/www/cache/static/protocol/https/plugins/every_cookie_4644b13.js, line 4: ReferenceError: c is not defined
1542272906395 Marionette: Element is missing an accesible name -> id: kw, tagName: INPUT, className: s_ipt
JavaScript error: https://sp0.baidu.com/5a1Fazu8AA54nxGko9WTAnF6hhy/su?wd=s&json=1&p=3&sid=1446_21101_18560_27400_26350_27509&req=2&csor=1&cb=jQuery1102009460359718733313_1542272905805&_=1542272905807, line 1: TypeError: jQuery1102009460359718733313_1542272905805 is not a function
JavaScript error: https://sp0.baidu.com/5a1Fazu8AA54nxGko9WTAnF6hhy/su?wd=so&json=1&p=3&sid=1446_21101_18560_27400_26350_27509&req=2&csor=2&pwd=s&cb=jQuery1102009460359718733313_1542272905805&_=1542272905808, line 1: TypeError: jQuery1102009460359718733313_1542272905805 is not a function
JavaScript error: https://sp0.baidu.com/5a1Fazu8AA54nxGko9WTAnF6hhy/su?wd=soul&json=1&p=3&sid=1446_21101_18560_27400_26350_27509&req=2&csor=4&pwd=sou&cb=jQuery1102009460359718733313_1542272905805&_=1542272905810, line 1: TypeError: jQuery1102009460359718733313_1542272905805 is not a function
JavaScript error: https://sp0.baidu.com/5a1Fazu8AA54nxGko9WTAnF6hhy/su?wd=sou&json=1&p=3&sid=1446_21101_18560_27400_26350_27509&req=2&csor=3&pwd=so&cb=jQuery1102009460359718733313_1542272905805&_=1542272905809, line 1: TypeError: jQuery1102009460359718733313_1542272905805 is not a function
